 --- Vérification des données de comptage terrain bateaux --- 

En cas de présence d'erreurs, veuillez les corriger. Attention : les données érronées n'ont pas été enregistrées dans le jeu de données compilé.
Elles ne le seront qu'après correction des erreurs indiquées.
Nombre total d'erreurs : 78


--- Fichiers mal nommés :

Tous les fichiers sont correctement nommés.


--- Nombre d'onglets (secteurs) incohérent :

Nombre d'onglets cohérent.


--- Onglets (secteurs) mal nommés : 

Certains noms d'onglets des données sources ne correspondent pas aux noms de secteurs acceptés.
Veuillez les renommer avec un nom de secteur valide (c.f. référence des secteurs).
Les noms invalides sont affichés pour chaque fichier sous la forme : 
nom d'onglet refusé --> suggestion la plus proche

 > Pour le fichier PNMCCA_usages_plaisance_comptage_terrain_bateaux_2023-08-10.xlsx
	A Torr di Murtella --> A Torra di Murtella


--- Incohérence entre les noms des secteurs et les métadonnées : 

Les fichiers suivants contiennent des onglets qui ne sont pas présents dans l'onglet metadata_comptages : 

 > Pour le fichier PNMCCA_usages_plaisance_comptage_terrain_bateaux_2023-06-23.xlsx
	Malfalcu

 > Pour le fichier PNMCCA_usages_plaisance_comptage_terrain_bateaux_2023-07-08.xlsx
	Malfalcu

 > Pour le fichier PNMCCA_usages_plaisance_comptage_terrain_bateaux_2023-09-06.xlsx
	Malfalcu

Les fichiers suivants ne contiennent pas d'onglets pour des secteurs présents dans l'onglet metadata_comptages : 

 > Pour le fichier PNMCCA_usages_plaisance_comptage_terrain_bateaux_2023-06-23.xlsx
	Malfacu

 > Pour le fichier PNMCCA_usages_plaisance_comptage_terrain_bateaux_2023-07-08.xlsx
	Malfacu

 > Pour le fichier PNMCCA_usages_plaisance_comptage_terrain_bateaux_2023-08-10.xlsx
	A Torra di Murtella

 > Pour le fichier PNMCCA_usages_plaisance_comptage_terrain_bateaux_2023-09-06.xlsx
	Malfacu


--- Noms de variables incorrects : 

Certains noms de variables des données sources ne correspondent pas aux noms de variables acceptés.
Veuillez les renommer avec un nom de variable valide (c.f. metadonnées).
L'erreur peut provenir de la mauvaise position des colonnes, censées être à la ligne 1.

 > Pour le fichier PNMCCA_usages_plaisance_comptage_terrain_bateaux_2023-06-23.xlsx :
	 Pour l'onglet Saleccia :
	 Nom attendu à la colonne A : Horaire
	 Nom attendu à la colonne B : Type
	 Nom attendu à la colonne C : L < 8 m
	 Nom attendu à la colonne D : 8 m < L < 18 m
	 Nom attendu à la colonne E : 18 m < L < 24 m
	 Nom attendu à la colonne F : 24 m < L < 45 m
	 Nom attendu à la colonne G : L > 45 m
	 Nom attendu à la colonne H : Mouillage sur bouée
	 Nom attendu à la colonne I : Navigation
	 Nom attendu à la colonne J : Observations

	 Pour l'onglet Lotu :
	 Nom attendu à la colonne A : Horaire
	 Nom attendu à la colonne B : Type
	 Nom attendu à la colonne C : L < 8 m
	 Nom attendu à la colonne D : 8 m < L < 18 m
	 Nom attendu à la colonne E : 18 m < L < 24 m
	 Nom attendu à la colonne F : 24 m < L < 45 m
	 Nom attendu à la colonne G : L > 45 m
	 Nom attendu à la colonne H : Mouillage sur bouée
	 Nom attendu à la colonne I : Navigation
	 Nom attendu à la colonne J : Observations

	 Pour l'onglet Mezzanu :
	 Nom attendu à la colonne A : Horaire
	 Nom attendu à la colonne B : Type
	 Nom attendu à la colonne C : L < 8 m
	 Nom attendu à la colonne D : 8 m < L < 18 m
	 Nom attendu à la colonne E : 18 m < L < 24 m
	 Nom attendu à la colonne F : 24 m < L < 45 m
	 Nom attendu à la colonne G : L > 45 m
	 Nom attendu à la colonne H : Mouillage sur bouée
	 Nom attendu à la colonne I : Navigation
	 Nom attendu à la colonne J : Observations

	 Pour l'onglet Fiume Santu :
	 Nom attendu à la colonne A : Horaire
	 Nom attendu à la colonne B : Type
	 Nom attendu à la colonne C : L < 8 m
	 Nom attendu à la colonne D : 8 m < L < 18 m
	 Nom attendu à la colonne E : 18 m < L < 24 m
	 Nom attendu à la colonne F : 24 m < L < 45 m
	 Nom attendu à la colonne G : L > 45 m
	 Nom attendu à la colonne H : Mouillage sur bouée
	 Nom attendu à la colonne I : Navigation
	 Nom attendu à la colonne J : Observations

	 Pour l'onglet A Torra di Murtella :
	 Nom attendu à la colonne A : Horaire
	 Nom attendu à la colonne B : Type
	 Nom attendu à la colonne C : L < 8 m
	 Nom attendu à la colonne D : 8 m < L < 18 m
	 Nom attendu à la colonne E : 18 m < L < 24 m
	 Nom attendu à la colonne F : 24 m < L < 45 m
	 Nom attendu à la colonne G : L > 45 m
	 Nom attendu à la colonne H : Mouillage sur bouée
	 Nom attendu à la colonne I : Navigation
	 Nom attendu à la colonne J : Observations

	 Pour l'onglet Ghignu :
	 Nom attendu à la colonne A : Horaire
	 Nom attendu à la colonne B : Type
	 Nom attendu à la colonne C : L < 8 m
	 Nom attendu à la colonne D : 8 m < L < 18 m
	 Nom attendu à la colonne E : 18 m < L < 24 m
	 Nom attendu à la colonne F : 24 m < L < 45 m
	 Nom attendu à la colonne G : L > 45 m
	 Nom attendu à la colonne H : Mouillage sur bouée
	 Nom attendu à la colonne I : Navigation
	 Nom attendu à la colonne J : Observations

	 Pour l'onglet U Travu :
	 Nom attendu à la colonne A : Horaire
	 Nom attendu à la colonne B : Type
	 Nom attendu à la colonne C : L < 8 m
	 Nom attendu à la colonne D : 8 m < L < 18 m
	 Nom attendu à la colonne E : 18 m < L < 24 m
	 Nom attendu à la colonne F : 24 m < L < 45 m
	 Nom attendu à la colonne G : L > 45 m
	 Nom attendu à la colonne H : Mouillage sur bouée
	 Nom attendu à la colonne I : Navigation
	 Nom attendu à la colonne J : Observations



 --- Fin de la vérification des données de comptage terrain bateaux ---
