 --- Vérification des données de comptage terrain meteo --- 

En cas de présence d'erreurs, veuillez les corriger. Attention : les données érronées ne sont pas enregistrées dans le jeu de données compilé.
Elles ne le seront qu'après correction des erreurs indiquées.
Nombre total d'erreurs : 3


--- Fichiers mal nommés :

Tous les fichiers sont correctement nommés.


--- Nombre d'onglets (secteurs) incohérents :

Le nombre d'onglets est cohérent avec les métadonnées.


--- Onglets (secteurs) mal nommés : 

Tous les secteurs sont correctement nommés.


--- Incohérence entre les noms des secteurs et les métadonnées : 

Pas d'incohérence entre les noms des secteurs et les métadonnées.


--- Nombre de variables incorrect : 

Certains fichiers contiennent un nombre de variables incorrect.
Veuillez vérifier que le nombre de colonnes correspond bien à la référence

 > Pour le fichier us_med_pnmcca_observatoire_comptage_terrain_meteo_2023-08-10.xlsx :
	 Pour l'onglet Meteo :
	 Nombre de colonnes attendu : 11
	 Nombre de colonnes observé : 10


 > Pour le fichier us_med_pnmcca_observatoire_comptage_terrain_meteo_2023-09-06.xlsx :
	 Pour l'onglet Meteo :
	 Nombre de colonnes attendu : 11
	 Nombre de colonnes observé : 10



--- Noms de variables incorrects : 

Certains noms de variables ne correspondent pas aux noms de variables acceptés.
Veuillez les renommer avec un nom de variable valide (c.f. référence des métadonnées).
L'erreur pourrait aussi provenir de la mauvaise position des colonnes, censées être à la ligne 1.

 > Pour le fichier us_med_pnmcca_observatoire_comptage_terrain_meteo_2023-07-28.xlsx :
	 Pour l'onglet Meteo :
	 Nom attendu à la colonne K : Commentaires
	 Nom observé à la colonne K : Commentaire



 --- Fin de la vérification des données de comptage terrain meteo ---
