 --- Vérification des données de comptage terrain plage --- 

En cas de présence d'erreurs, veuillez les corriger. Attention : les données érronées n'ont pas été enregistrées dans le jeu de données compilé.
Elles ne le seront qu'après correction des erreurs indiquées.
Nombre total d'erreurs : 9


--- Fichiers mal nommés :

Pas de fichiers mal nommés.


--- Nombre d'onglets (secteurs) incohérent :

Les fichiers suivants ont un nombre d'onglets incohérent avec les métadonnées de l'onglet metadata_comptages : 

 > PNMCCA_usages_plaisance_comptage_terrain_plage_2022-09-12.xlsx

Veuillez faire correspondre le nombre d'onglets avec les métadonnées de l'onglet metadata_comptages.


--- Onglets (secteurs) mal nommés : 

Certains noms d'onglets des données sources ne correspondent pas aux noms de secteurs acceptés.
Veuillez les renommer avec un nom de secteur valide (c.f. référence des secteurs).
Les noms invalides sont affichés pour chaque fichier sous la forme : 
nom d'onglet refusé --> suggestion la plus proche

 > Pour le fichier PNMCCA_usages_plaisance_comptage_terrain_plage_2021-07-28.xlsx
	Salecia --> Saleccia


--- Incohérence entre les noms des secteurs et les métadonnées : 

Les fichiers suivants contiennent des onglets qui ne sont pas présents dans l'onglet metadata_comptages : 

 > Pour le fichier PNMCCA_usages_plaisance_comptage_terrain_plage_2023-06-23.xlsx
	U Travu

 > Pour le fichier PNMCCA_usages_plaisance_comptage_terrain_plage_2023-08-10.xlsx
	Lotu

Les fichiers suivants ne contiennent pas d'onglets pour des secteurs présents dans l'onglet metadata_comptages : 

 > Pour le fichier PNMCCA_usages_plaisance_comptage_terrain_plage_2021-07-28.xlsx
	Saleccia

 > Pour le fichier PNMCCA_usages_plaisance_comptage_terrain_plage_2023-06-23.xlsx
	Trave

 > Pour le fichier PNMCCA_usages_plaisance_comptage_terrain_plage_2023-08-10.xlsx
	Lou


--- Noms de variables incorrects : 

Certains noms de variables des données sources ne correspondent pas aux noms de variables acceptés.
Veuillez les renommer avec un nom de variable valide (c.f. metadonnées)

 > Pour le fichier PNMCCA_usages_plaisance_comptage_terrain_plage_2021-09-02.xlsx
	PMT
	Vaches


 --- Fin de la vérification des données de comptage terrain plage ---
